<?xml version="1.0" ?>
<!DOCTYPE coverage SYSTEM "http://cobertura.sourceforge.net/xml/coverage-04.dtd">
<coverage lines-valid="114"  lines-covered="44"  line-rate="0.386"  branches-valid="49"  branches-covered="19"  branch-rate="0.38780000000000003"  timestamp="1413279975510" complexity="0" version="0.1">
<sources>
	<source>/home/stefanv/git/ExtJS-DateTime/packages/datetime</source>
</sources>
<packages>
	<package name="field"  line-rate="0.386"  branch-rate="0.38780000000000003" >
	<classes>
		<class name="DateTime.js"  filename="src/NLeSC/form/field/DateTime.js"  line-rate="0.3069"  branch-rate="0.38780000000000003" >
		<methods>
			<method name="(anonymous_1)"  hits="0"  signature="()V" >
				<lines><line number="113"  hits="0" /></lines>
			</method>
			<method name="(anonymous_2)"  hits="0"  signature="()V" >
				<lines><line number="125"  hits="0" /></lines>
			</method>
			<method name="(anonymous_3)"  hits="0"  signature="()V" >
				<lines><line number="128"  hits="0" /></lines>
			</method>
			<method name="(anonymous_4)"  hits="0"  signature="()V" >
				<lines><line number="141"  hits="0" /></lines>
			</method>
			<method name="(anonymous_5)"  hits="0"  signature="()V" >
				<lines><line number="144"  hits="0" /></lines>
			</method>
			<method name="(anonymous_6)"  hits="0"  signature="()V" >
				<lines><line number="158"  hits="0" /></lines>
			</method>
			<method name="(anonymous_7)"  hits="0"  signature="()V" >
				<lines><line number="174"  hits="0" /></lines>
			</method>
			<method name="(anonymous_8)"  hits="0"  signature="()V" >
				<lines><line number="205"  hits="0" /></lines>
			</method>
			<method name="(anonymous_9)"  hits="0"  signature="()V" >
				<lines><line number="213"  hits="0" /></lines>
			</method>
			<method name="(anonymous_10)"  hits="0"  signature="()V" >
				<lines><line number="225"  hits="0" /></lines>
			</method>
			<method name="(anonymous_11)"  hits="1"  signature="()V" >
				<lines><line number="229"  hits="1" /></lines>
			</method>
			<method name="(anonymous_12)"  hits="0"  signature="()V" >
				<lines><line number="233"  hits="0" /></lines>
			</method>
			<method name="(anonymous_13)"  hits="0"  signature="()V" >
				<lines><line number="238"  hits="0" /></lines>
			</method>
			<method name="(anonymous_14)"  hits="0"  signature="()V" >
				<lines><line number="243"  hits="0" /></lines>
			</method>
			<method name="(anonymous_15)"  hits="2"  signature="()V" >
				<lines><line number="249"  hits="2" /></lines>
			</method>
			<method name="(anonymous_16)"  hits="1"  signature="()V" >
				<lines><line number="260"  hits="1" /></lines>
			</method>
			<method name="(anonymous_17)"  hits="0"  signature="()V" >
				<lines><line number="266"  hits="0" /></lines>
			</method>
			<method name="(anonymous_18)"  hits="2"  signature="()V" >
				<lines><line number="270"  hits="2" /></lines>
			</method>
			<method name="(anonymous_19)"  hits="2"  signature="()V" >
				<lines><line number="278"  hits="2" /></lines>
			</method>
			<method name="(anonymous_20)"  hits="0"  signature="()V" >
				<lines><line number="284"  hits="0" /></lines>
			</method>
			<method name="(anonymous_21)"  hits="1"  signature="()V" >
				<lines><line number="293"  hits="1" /></lines>
			</method>
			<method name="(anonymous_22)"  hits="1"  signature="()V" >
				<lines><line number="296"  hits="1" /></lines>
			</method>
			<method name="(anonymous_23)"  hits="4"  signature="()V" >
				<lines><line number="299"  hits="4" /></lines>
			</method>
		</methods>
		<lines>
			<line number="56"  hits="1"  branch="false" />
			<line number="114"  hits="0"  branch="false" />
			<line number="115"  hits="0"  branch="true"  condition-coverage="0% (0/2)" />
			<line number="117"  hits="0"  branch="false" />
			<line number="119"  hits="0"  branch="false" />
			<line number="126"  hits="0"  branch="false" />
			<line number="129"  hits="0"  branch="false" />
			<line number="133"  hits="0"  branch="false" />
			<line number="135"  hits="0"  branch="false" />
			<line number="142"  hits="0"  branch="false" />
			<line number="145"  hits="0"  branch="false" />
			<line number="149"  hits="0"  branch="false" />
			<line number="151"  hits="0"  branch="false" />
			<line number="152"  hits="0"  branch="false" />
			<line number="154"  hits="0"  branch="false" />
			<line number="155"  hits="0"  branch="false" />
			<line number="159"  hits="0"  branch="false" />
			<line number="161"  hits="0"  branch="true"  condition-coverage="0% (0/4)" />
			<line number="163"  hits="0"  branch="false" />
			<line number="164"  hits="0"  branch="false" />
			<line number="165"  hits="0"  branch="false" />
			<line number="168"  hits="0"  branch="false" />
			<line number="173"  hits="0"  branch="false" />
			<line number="175"  hits="0"  branch="false" />
			<line number="177"  hits="0"  branch="true"  condition-coverage="0% (0/2)" />
			<line number="178"  hits="0"  branch="false" />
			<line number="180"  hits="0"  branch="true"  condition-coverage="0% (0/5)" />
			<line number="183"  hits="0"  branch="false" />
			<line number="184"  hits="0"  branch="false" />
			<line number="185"  hits="0"  branch="false" />
			<line number="186"  hits="0"  branch="true"  condition-coverage="0% (0/5)" />
			<line number="189"  hits="0"  branch="false" />
			<line number="190"  hits="0"  branch="false" />
			<line number="191"  hits="0"  branch="false" />
			<line number="197"  hits="0"  branch="false" />
			<line number="202"  hits="0"  branch="false" />
			<line number="203"  hits="0"  branch="false" />
			<line number="206"  hits="0"  branch="false" />
			<line number="207"  hits="0"  branch="false" />
			<line number="208"  hits="0"  branch="false" />
			<line number="209"  hits="0"  branch="false" />
			<line number="210"  hits="0"  branch="false" />
			<line number="211"  hits="0"  branch="false" />
			<line number="212"  hits="0"  branch="false" />
			<line number="213"  hits="0"  branch="false" />
			<line number="214"  hits="0"  branch="true"  condition-coverage="0% (0/2)" />
			<line number="215"  hits="0"  branch="false" />
			<line number="218"  hits="0"  branch="false" />
			<line number="219"  hits="0"  branch="false" />
			<line number="220"  hits="0"  branch="false" />
			<line number="221"  hits="0"  branch="false" />
			<line number="223"  hits="0"  branch="false" />
			<line number="225"  hits="0"  branch="false" />
			<line number="226"  hits="0"  branch="false" />
			<line number="230"  hits="1"  branch="false" />
			<line number="231"  hits="1"  branch="false" />
			<line number="234"  hits="0"  branch="true"  condition-coverage="0% (0/2)" />
			<line number="235"  hits="0"  branch="false" />
			<line number="236"  hits="0"  branch="false" />
			<line number="239"  hits="0"  branch="false" />
			<line number="240"  hits="0"  branch="true"  condition-coverage="0% (0/2)" />
			<line number="241"  hits="0"  branch="false" />
			<line number="243"  hits="0"  branch="false" />
			<line number="244"  hits="0"  branch="false" />
			<line number="246"  hits="0"  branch="false" />
			<line number="247"  hits="0"  branch="false" />
			<line number="250"  hits="2"  branch="false" />
			<line number="251"  hits="2"  branch="false" />
			<line number="253"  hits="2"  branch="true"  condition-coverage="100% (4/4)" />
			<line number="254"  hits="1"  branch="false" />
			<line number="255"  hits="1"  branch="false" />
			<line number="256"  hits="1"  branch="false" />
			<line number="258"  hits="2"  branch="false" />
			<line number="261"  hits="1"  branch="false" />
			<line number="262"  hits="1"  branch="true"  condition-coverage="50% (1/2)" />
			<line number="267"  hits="0"  branch="false" />
			<line number="268"  hits="0"  branch="false" />
			<line number="271"  hits="2"  branch="true"  condition-coverage="100% (2/2)" />
			<line number="272"  hits="1"  branch="false" />
			<line number="274"  hits="2"  branch="false" />
			<line number="275"  hits="2"  branch="false" />
			<line number="276"  hits="2"  branch="false" />
			<line number="279"  hits="2"  branch="true"  condition-coverage="100% (2/2)" />
			<line number="285"  hits="0"  branch="false" />
			<line number="286"  hits="0"  branch="true"  condition-coverage="0% (0/5)" />
			<line number="288"  hits="0"  branch="false" />
			<line number="289"  hits="0"  branch="false" />
			<line number="291"  hits="0"  branch="false" />
			<line number="294"  hits="1"  branch="false" />
			<line number="297"  hits="1"  branch="false" />
			<line number="300"  hits="4"  branch="false" />
			<line number="301"  hits="4"  branch="false" />
			<line number="302"  hits="4"  branch="false" />
			<line number="303"  hits="4"  branch="false" />
			<line number="304"  hits="4"  branch="true"  condition-coverage="100% (2/2)" />
			<line number="306"  hits="4"  branch="false" />
			<line number="307"  hits="4"  branch="false" />
			<line number="309"  hits="4"  branch="true"  condition-coverage="100% (2/2)" />
			<line number="310"  hits="3"  branch="true"  condition-coverage="100% (2/2)" />
			<line number="311"  hits="1"  branch="true"  condition-coverage="100% (2/2)" />
			<line number="315"  hits="4"  branch="false" />
		</lines>
		</class>
		<class name="DateTimeRange.js"  filename="src/NLeSC/form/field/DateTimeRange.js"  line-rate="1"  branch-rate="1" >
		<methods>
			<method name="(anonymous_1)"  hits="1"  signature="()V" >
				<lines><line number="56"  hits="1" /></lines>
			</method>
			<method name="(anonymous_2)"  hits="1"  signature="()V" >
				<lines><line number="59"  hits="1" /></lines>
			</method>
			<method name="(anonymous_3)"  hits="1"  signature="()V" >
				<lines><line number="62"  hits="1" /></lines>
			</method>
			<method name="(anonymous_4)"  hits="2"  signature="()V" >
				<lines><line number="72"  hits="2" /></lines>
			</method>
			<method name="(anonymous_5)"  hits="2"  signature="()V" >
				<lines><line number="76"  hits="2" /></lines>
			</method>
		</methods>
		<lines>
			<line number="38"  hits="1"  branch="false" />
			<line number="57"  hits="1"  branch="false" />
			<line number="60"  hits="1"  branch="false" />
			<line number="63"  hits="1"  branch="false" />
			<line number="64"  hits="1"  branch="false" />
			<line number="66"  hits="1"  branch="false" />
			<line number="67"  hits="1"  branch="false" />
			<line number="69"  hits="1"  branch="false" />
			<line number="70"  hits="1"  branch="false" />
			<line number="73"  hits="2"  branch="false" />
			<line number="74"  hits="2"  branch="false" />
			<line number="77"  hits="2"  branch="false" />
			<line number="78"  hits="2"  branch="false" />
		</lines>
		</class>
	</classes>
	</package>
</packages>
</coverage>
