TN:
SF:./src/NLeSC/form/field/DateTime.js
FN:108,(anonymous_1)
FN:118,(anonymous_2)
FN:121,(anonymous_3)
FN:134,(anonymous_4)
FN:137,(anonymous_5)
FN:151,(anonymous_6)
FN:167,(anonymous_7)
FN:199,(anonymous_8)
FN:203,(anonymous_9)
FN:208,(anonymous_10)
FN:213,(anonymous_11)
FN:219,(anonymous_12)
FN:235,(anonymous_13)
FN:241,(anonymous_14)
FN:245,(anonymous_15)
FN:253,(anonymous_16)
FN:259,(anonymous_17)
FN:268,(anonymous_18)
FN:271,(anonymous_19)
FN:274,(anonymous_20)
FNF:20
FNH:7
FNDA:0,(anonymous_1)
FNDA:0,(anonymous_2)
FNDA:0,(anonymous_3)
FNDA:0,(anonymous_4)
FNDA:0,(anonymous_5)
FNDA:0,(anonymous_6)
FNDA:0,(anonymous_7)
FNDA:1,(anonymous_8)
FNDA:0,(anonymous_9)
FNDA:0,(anonymous_10)
FNDA:0,(anonymous_11)
FNDA:2,(anonymous_12)
FNDA:1,(anonymous_13)
FNDA:0,(anonymous_14)
FNDA:2,(anonymous_15)
FNDA:2,(anonymous_16)
FNDA:0,(anonymous_17)
FNDA:1,(anonymous_18)
FNDA:1,(anonymous_19)
FNDA:0,(anonymous_20)
DA:51,1
DA:109,0
DA:110,0
DA:112,0
DA:119,0
DA:122,0
DA:126,0
DA:128,0
DA:135,0
DA:138,0
DA:142,0
DA:144,0
DA:145,0
DA:147,0
DA:148,0
DA:152,0
DA:154,0
DA:156,0
DA:157,0
DA:158,0
DA:161,0
DA:166,0
DA:168,0
DA:170,0
DA:171,0
DA:173,0
DA:176,0
DA:177,0
DA:178,0
DA:179,0
DA:182,0
DA:183,0
DA:184,0
DA:190,0
DA:195,0
DA:197,0
DA:200,1
DA:201,1
DA:204,0
DA:205,0
DA:206,0
DA:209,0
DA:210,0
DA:211,0
DA:213,0
DA:214,0
DA:216,0
DA:217,0
DA:220,2
DA:224,2
DA:225,1
DA:226,1
DA:227,1
DA:230,0
DA:233,2
DA:236,1
DA:237,1
DA:242,0
DA:243,0
DA:246,2
DA:247,1
DA:249,2
DA:250,2
DA:251,2
DA:254,2
DA:260,0
DA:261,0
DA:263,0
DA:264,0
DA:266,0
DA:269,1
DA:272,1
DA:275,0
DA:276,0
DA:277,0
DA:278,0
DA:279,0
DA:281,0
DA:282,0
DA:284,0
DA:285,0
DA:286,0
DA:290,0
LF:83
LH:19
BRDA:110,1,0,0
BRDA:110,1,1,0
BRDA:154,2,0,0
BRDA:154,2,1,0
BRDA:154,3,0,0
BRDA:154,3,1,0
BRDA:170,4,0,0
BRDA:170,4,1,0
BRDA:173,5,0,0
BRDA:173,5,1,0
BRDA:173,6,0,0
BRDA:173,6,1,0
BRDA:173,6,2,0
BRDA:179,7,0,0
BRDA:179,7,1,0
BRDA:179,8,0,0
BRDA:179,8,1,0
BRDA:179,8,2,0
BRDA:204,9,0,0
BRDA:204,9,1,0
BRDA:210,10,0,0
BRDA:210,10,1,0
BRDA:224,11,0,1
BRDA:224,11,1,1
BRDA:225,12,0,1
BRDA:225,12,1,0
BRDA:237,13,0,0
BRDA:237,13,1,1
BRDA:246,14,0,1
BRDA:246,14,1,1
BRDA:254,15,0,2
BRDA:254,15,1,1
BRDA:256,16,0,2
BRDA:256,16,1,1
BRDA:261,17,0,0
BRDA:261,17,1,0
BRDA:261,18,0,0
BRDA:261,18,1,0
BRDA:261,18,2,0
BRDA:279,19,0,0
BRDA:279,19,1,0
BRDA:284,20,0,0
BRDA:284,20,1,0
BRDA:285,21,0,0
BRDA:285,21,1,0
BRDA:286,22,0,0
BRDA:286,22,1,0
BRF:47
BRH:10
end_of_record
TN:
SF:./src/NLeSC/form/field/DateTimeRange.js
FN:56,(anonymous_1)
FN:59,(anonymous_2)
FN:62,(anonymous_3)
FN:72,(anonymous_4)
FN:76,(anonymous_5)
FNF:5
FNH:5
FNDA:1,(anonymous_1)
FNDA:1,(anonymous_2)
FNDA:1,(anonymous_3)
FNDA:2,(anonymous_4)
FNDA:2,(anonymous_5)
DA:38,1
DA:57,1
DA:60,1
DA:63,1
DA:64,1
DA:66,1
DA:67,1
DA:69,1
DA:70,1
DA:73,2
DA:74,2
DA:77,2
DA:78,2
LF:13
LH:13
BRF:0
BRH:0
end_of_record
