TN:
SF:./src/NLeSC/eEcology/form/field/Color.js
FN:35,(anonymous_1)
FN:52,(anonymous_2)
FN:58,(anonymous_3)
FN:70,(anonymous_4)
FN:74,(anonymous_5)
FNF:5
FNH:0
FNDA:0,(anonymous_1)
FNDA:0,(anonymous_2)
FNDA:0,(anonymous_3)
FNDA:0,(anonymous_4)
FNDA:0,(anonymous_5)
DA:19,1
DA:36,0
DA:38,0
DA:53,0
DA:59,0
DA:61,0
DA:62,0
DA:63,0
DA:64,0
DA:71,0
DA:72,0
DA:75,0
DA:76,0
DA:77,0
DA:79,0
LF:15
LH:1
BRDA:76,1,0,0
BRDA:76,1,1,0
BRF:2
BRH:0
end_of_record
TN:
SF:./src/NLeSC/eEcology/form/field/TrackerCombo.js
FNF:0
FNH:0
DA:36,1
LF:1
LH:1
BRF:0
BRH:0
end_of_record
TN:
SF:./src/NLeSC/eEcology/form/field/TrackerGrid.js
FN:48,(anonymous_1)
FN:58,(anonymous_2)
FN:61,(anonymous_3)
FN:68,(anonymous_4)
FN:79,(anonymous_5)
FN:86,(anonymous_6)
FN:90,(anonymous_7)
FN:95,(anonymous_8)
FN:103,(anonymous_9)
FN:118,(anonymous_10)
FN:135,(anonymous_11)
FNF:11
FNH:2
FNDA:0,(anonymous_1)
FNDA:3,(anonymous_2)
FNDA:2,(anonymous_3)
FNDA:0,(anonymous_4)
FNDA:0,(anonymous_5)
FNDA:0,(anonymous_6)
FNDA:0,(anonymous_7)
FNDA:0,(anonymous_8)
FNDA:0,(anonymous_9)
FNDA:0,(anonymous_10)
FNDA:0,(anonymous_11)
DA:19,1
DA:49,0
DA:53,0
DA:54,0
DA:55,0
DA:56,0
DA:59,3
DA:62,2
DA:63,2
DA:64,1
DA:66,1
DA:69,0
DA:70,0
DA:71,0
DA:73,0
DA:75,0
DA:76,0
DA:77,0
DA:80,0
DA:81,0
DA:82,0
DA:84,0
DA:87,0
DA:88,0
DA:91,0
DA:92,0
DA:96,0
DA:100,0
DA:104,0
DA:108,0
DA:109,0
DA:110,0
DA:112,0
DA:115,0
DA:120,0
DA:122,0
DA:123,0
DA:124,0
DA:137,0
DA:139,0
DA:140,0
DA:141,0
LF:42
LH:6
BRDA:63,1,0,1
BRDA:63,1,1,1
BRDA:71,2,0,0
BRDA:71,2,1,0
BRDA:81,3,0,0
BRDA:81,3,1,0
BRDA:91,4,0,0
BRDA:91,4,1,0
BRDA:98,5,0,0
BRDA:98,5,1,0
BRDA:100,6,0,0
BRDA:100,6,1,0
BRDA:108,7,0,0
BRDA:108,7,1,0
BRDA:109,8,0,0
BRDA:109,8,1,0
BRDA:123,9,0,0
BRDA:123,9,1,0
BRDA:140,10,0,0
BRDA:140,10,1,0
BRF:20
BRH:2
end_of_record
TN:
SF:./src/NLeSC/eEcology/form/field/TrackerSelector.js
FN:94,(anonymous_1)
FN:100,(anonymous_2)
FN:127,(anonymous_3)
FN:132,(anonymous_4)
FN:147,(anonymous_5)
FN:167,(anonymous_6)
FN:173,(anonymous_7)
FN:183,(anonymous_8)
FN:226,(anonymous_9)
FN:229,(anonymous_10)
FN:230,(anonymous_11)
FN:248,(anonymous_12)
FN:251,(anonymous_13)
FN:264,(anonymous_14)
FN:277,(anonymous_15)
FN:290,(anonymous_16)
FN:312,(anonymous_17)
FN:333,(anonymous_18)
FN:341,(anonymous_19)
FN:348,(anonymous_20)
FN:351,(anonymous_21)
FN:354,(anonymous_22)
FN:366,(anonymous_23)
FN:370,(anonymous_24)
FN:377,(anonymous_25)
FN:384,(anonymous_26)
FN:389,(anonymous_27)
FN:404,(anonymous_28)
FN:409,(anonymous_29)
FN:425,(anonymous_30)
FN:437,(anonymous_31)
FN:444,(anonymous_32)
FN:449,(anonymous_33)
FN:456,(anonymous_34)
FN:461,(anonymous_35)
FN:465,(anonymous_36)
FN:466,(anonymous_37)
FN:470,(anonymous_38)
FN:478,(anonymous_39)
FN:481,(anonymous_40)
FN:489,(anonymous_41)
FN:504,(anonymous_42)
FN:520,(anonymous_43)
FN:530,(anonymous_44)
FNF:44
FNH:2
FNDA:0,(anonymous_1)
FNDA:0,(anonymous_2)
FNDA:0,(anonymous_3)
FNDA:0,(anonymous_4)
FNDA:0,(anonymous_5)
FNDA:0,(anonymous_6)
FNDA:0,(anonymous_7)
FNDA:0,(anonymous_8)
FNDA:0,(anonymous_9)
FNDA:0,(anonymous_10)
FNDA:0,(anonymous_11)
FNDA:0,(anonymous_12)
FNDA:0,(anonymous_13)
FNDA:0,(anonymous_14)
FNDA:0,(anonymous_15)
FNDA:0,(anonymous_16)
FNDA:0,(anonymous_17)
FNDA:0,(anonymous_18)
FNDA:0,(anonymous_19)
FNDA:1,(anonymous_20)
FNDA:1,(anonymous_21)
FNDA:0,(anonymous_22)
FNDA:0,(anonymous_23)
FNDA:0,(anonymous_24)
FNDA:0,(anonymous_25)
FNDA:0,(anonymous_26)
FNDA:0,(anonymous_27)
FNDA:0,(anonymous_28)
FNDA:0,(anonymous_29)
FNDA:0,(anonymous_30)
FNDA:0,(anonymous_31)
FNDA:0,(anonymous_32)
FNDA:0,(anonymous_33)
FNDA:0,(anonymous_34)
FNDA:0,(anonymous_35)
FNDA:0,(anonymous_36)
FNDA:0,(anonymous_37)
FNDA:0,(anonymous_38)
FNDA:0,(anonymous_39)
FNDA:0,(anonymous_40)
FNDA:0,(anonymous_41)
FNDA:0,(anonymous_42)
FNDA:0,(anonymous_43)
FNDA:0,(anonymous_44)
DA:20,1
DA:95,0
DA:96,0
DA:97,0
DA:98,0
DA:101,0
DA:103,0
DA:104,0
DA:106,0
DA:107,0
DA:109,0
DA:110,0
DA:112,0
DA:113,0
DA:115,0
DA:121,0
DA:122,0
DA:123,0
DA:125,0
DA:128,0
DA:131,0
DA:132,0
DA:133,0
DA:145,0
DA:148,0
DA:149,0
DA:162,0
DA:163,0
DA:165,0
DA:168,0
DA:169,0
DA:172,0
DA:173,0
DA:174,0
DA:176,0
DA:184,0
DA:186,0
DA:188,0
DA:190,0
DA:191,0
DA:194,0
DA:195,0
DA:197,0
DA:198,0
DA:200,0
DA:202,0
DA:203,0
DA:205,0
DA:227,0
DA:229,0
DA:230,0
DA:231,0
DA:232,0
DA:234,0
DA:235,0
DA:249,0
DA:251,0
DA:252,0
DA:253,0
DA:255,0
DA:256,0
DA:257,0
DA:258,0
DA:260,0
DA:265,0
DA:269,0
DA:270,0
DA:271,0
DA:272,0
DA:273,0
DA:274,0
DA:278,0
DA:282,0
DA:283,0
DA:284,0
DA:285,0
DA:286,0
DA:287,0
DA:291,0
DA:300,0
DA:301,0
DA:302,0
DA:303,0
DA:304,0
DA:305,0
DA:307,0
DA:308,0
DA:309,0
DA:313,0
DA:321,0
DA:322,0
DA:323,0
DA:324,0
DA:325,0
DA:326,0
DA:328,0
DA:329,0
DA:330,0
DA:334,0
DA:337,0
DA:338,0
DA:342,0
DA:345,0
DA:346,0
DA:349,1
DA:352,1
DA:355,0
DA:361,0
DA:362,0
DA:363,0
DA:367,0
DA:371,0
DA:372,0
DA:373,0
DA:375,0
DA:377,0
DA:378,0
DA:380,0
DA:384,0
DA:385,0
DA:386,0
DA:389,0
DA:390,0
DA:392,0
DA:395,0
DA:396,0
DA:397,0
DA:399,0
DA:401,0
DA:405,0
DA:406,0
DA:410,0
DA:412,0
DA:413,0
DA:414,0
DA:417,0
DA:418,0
DA:420,0
DA:426,0
DA:429,0
DA:431,0
DA:434,0
DA:438,0
DA:440,0
DA:441,0
DA:442,0
DA:444,0
DA:445,0
DA:450,0
DA:452,0
DA:453,0
DA:454,0
DA:456,0
DA:457,0
DA:462,0
DA:463,0
DA:466,0
DA:467,0
DA:471,0
DA:479,0
DA:482,0
DA:486,0
DA:490,0
DA:494,0
DA:495,0
DA:496,0
DA:498,0
DA:501,0
DA:506,0
DA:508,0
DA:509,0
DA:510,0
DA:522,0
DA:524,0
DA:525,0
DA:526,0
DA:531,0
DA:532,0
DA:533,0
DA:534,0
DA:536,0
DA:537,0
DA:539,0
LF:183
LH:3
BRDA:106,1,0,0
BRDA:106,1,1,0
BRDA:109,2,0,0
BRDA:109,2,1,0
BRDA:112,3,0,0
BRDA:112,3,1,0
BRDA:131,4,0,0
BRDA:131,4,1,0
BRDA:190,5,0,0
BRDA:190,5,1,0
BRDA:194,6,0,0
BRDA:194,6,1,0
BRDA:231,7,0,0
BRDA:231,7,1,0
BRDA:234,8,0,0
BRDA:234,8,1,0
BRDA:255,9,0,0
BRDA:255,9,1,0
BRDA:257,10,0,0
BRDA:257,10,1,0
BRDA:358,11,0,0
BRDA:358,11,1,0
BRDA:359,12,0,0
BRDA:359,12,1,0
BRDA:375,13,0,0
BRDA:375,13,1,0
BRDA:390,14,0,0
BRDA:390,14,1,0
BRDA:396,15,0,0
BRDA:396,15,1,0
BRDA:412,16,0,0
BRDA:412,16,1,0
BRDA:417,17,0,0
BRDA:417,17,1,0
BRDA:471,18,0,0
BRDA:471,18,1,0
BRDA:484,19,0,0
BRDA:484,19,1,0
BRDA:486,20,0,0
BRDA:486,20,1,0
BRDA:494,21,0,0
BRDA:494,21,1,0
BRDA:495,22,0,0
BRDA:495,22,1,0
BRDA:509,23,0,0
BRDA:509,23,1,0
BRDA:525,24,0,0
BRDA:525,24,1,0
BRDA:533,25,0,0
BRDA:533,25,1,0
BRDA:536,26,0,0
BRDA:536,26,1,0
BRDA:536,27,0,0
BRDA:536,27,1,0
BRF:54
BRH:0
end_of_record
TN:
SF:./src/NLeSC/eEcology/grid/Trackers.js
FN:55,(anonymous_1)
FN:57,(anonymous_2)
FNF:2
FNH:2
FNDA:1,(anonymous_1)
FNDA:3,(anonymous_2)
DA:19,1
DA:57,1
DA:58,3
DA:59,2
DA:62,1
LF:5
LH:5
BRDA:58,1,0,2
BRDA:58,1,1,1
BRDA:58,2,0,3
BRDA:58,2,1,3
BRDA:58,2,2,2
BRF:5
BRH:5
end_of_record
TN:
SF:./src/NLeSC/eEcology/model/Project.js
FNF:0
FNH:0
DA:19,1
LF:1
LH:1
BRF:0
BRH:0
end_of_record
TN:
SF:./src/NLeSC/eEcology/model/Species.js
FNF:0
FNH:0
DA:19,1
LF:1
LH:1
BRF:0
BRH:0
end_of_record
TN:
SF:./src/NLeSC/eEcology/model/Tracker.js
FNF:0
FNH:0
DA:19,1
LF:1
LH:1
BRF:0
BRH:0
end_of_record
TN:
SF:./src/NLeSC/eEcology/store/Projects.js
FNF:0
FNH:0
DA:19,1
LF:1
LH:1
BRF:0
BRH:0
end_of_record
TN:
SF:./src/NLeSC/eEcology/store/Species.js
FNF:0
FNH:0
DA:19,1
LF:1
LH:1
BRF:0
BRH:0
end_of_record
TN:
SF:./src/NLeSC/eEcology/store/Trackers.js
FNF:0
FNH:0
DA:19,1
LF:1
LH:1
BRF:0
BRH:0
end_of_record
